17:11:48 **** Incremental Build of configuration Debug for project Software ****
make -r all 
Building file: ../src/uart.c
Invoking: MCU C Compiler
arm-none-eabi-gcc -DDEBUG -D__CODE_RED -DCORE_M0 -D__USE_CMSIS=CMSISv2p00_LPC11xx -D__LPC11XX__ -D__REDLIB__ -I"C:\Users\Marcus\Dropbox\E7020E (LP3 14-15)\Project\CMSISv2p00_LPC11xx\inc" -O0 -g3 -Wall -c -fmessage-length=0 -fno-builtin -ffunction-sections -fdata-sections -mcpu=cortex-m0 -mthumb -specs=redlib.specs -MMD -MP -MF"src/uart.d" -MT"src/uart.o" -MT"src/uart.d" -o "src/uart.o" "../src/uart.c"
../src/uart.c: In function 'uart_send':
../src/uart.c:39:3: warning: implicit declaration of function 'uart_transmit' [-Wimplicit-function-declaration]
   uart_transmit();
   ^
../src/uart.c: At top level:
../src/uart.c:44:6: warning: conflicting types for 'uart_transmit' [enabled by default]
 void uart_transmit(){
      ^
../src/uart.c:39:3: note: previous implicit declaration of 'uart_transmit' was here
   uart_transmit();
   ^
Finished building: ../src/uart.c
 
Building target: Software.axf
Invoking: MCU Linker
arm-none-eabi-gcc -nostdlib -L"C:\Users\Marcus\Dropbox\E7020E (LP3 14-15)\Project\CMSISv2p00_LPC11xx\Debug" -Xlinker -Map="Software.map" -Xlinker --gc-sections -mcpu=cortex-m0 -mthumb -T "Software_Debug.ld" -o "Software.axf"  ./src/Software.o ./src/cr_startup_lpc11xx.o ./src/crp.o ./src/pwm.o ./src/uart.o   -lCMSISv2p00_LPC11xx
Finished building target: Software.axf
 
make --no-print-directory post-build
Performing post-build steps
arm-none-eabi-size "Software.axf"; # arm-none-eabi-objcopy -v -O binary "Software.axf" "Software.bin" ; # checksum -p LPC11C24_301 -d "Software.bin";
   text	   data	    bss	    dec	    hex	filename
   3052	      8	     32	   3092	    c14	Software.axf
 

17:11:51 Build Finished (took 3s.535ms)

